<?xml version="1.0" encoding="UTF-8"?>
<!-- Generated by org.testng.reporters.JUnitXMLReporter -->
<testsuite ignored="3" hostname="DESKTOP-PO5BRBL" failures="1" tests="2" name="Test" time="506.489" errors="0" timestamp="2022-07-07T17:05:15 IST">
  <testcase classname="com.tscout.testcases.TC004_JobOpeningsPage" name="Create_JobOpenings" time="153.679"/>
  <testcase classname="com.tscout.testcases.TC004_EditJobOpeningsPage" name="Create_JobOpenings" time="217.914">
    <failure type="java.lang.RuntimeException">
      <![CDATA[java.lang.RuntimeException
at com.tscout.selenium.api.base.SeleniumBase.setExplicitWaitClickByXpathusingJS(SeleniumBase.java:101)
at com.tscout.pages.JobOpenings.SelectJobOpenings_ClientContacts(JobOpenings.java:154)
at com.tscout.testcases.TC004_EditJobOpeningsPage.Create_JobOpenings(TC004_EditJobOpeningsPage.java:55)
at java.base/java.util.ArrayList.forEach(ArrayList.java:1511)
... Removed 25 stack frames]]>
    </failure>
  </testcase> <!-- Create_JobOpenings -->
  <testcase classname="utils.Reporter" name="@BeforeSuite startReport" time="0.0">
    <ignored/>
  </testcase> <!-- @BeforeSuite startReport -->
  <testcase classname="com.tscout.testng.api.base.ProjectSpecificMethods" name="@BeforeTest beforeTest" time="0.0">
    <ignored/>
  </testcase> <!-- @BeforeTest beforeTest -->
  <testcase classname="utils.Reporter" name="@AfterSuite stopReport" time="0.0">
    <ignored/>
  </testcase> <!-- @AfterSuite stopReport -->
</testsuite> <!-- Test -->
