<?xml version="1.0" encoding="UTF-8"?>
<testng-results ignored="0" total="1" passed="1" failed="0" skipped="0">
  <reporter-output>
  </reporter-output>
  <suite started-at="2022-07-07T18:11:05 IST" name="Default suite" finished-at="2022-07-07T18:14:28 IST" duration-ms="202762">
    <groups>
      <group name="cucumber">
        <method signature="AbstractTestNGCucumberTests.runScenario(io.cucumber.testng.PickleWrapper,io.cucumber.testng.FeatureWrapper)[pri:0, instance:com.tscout.testcases.TC004_JobOpeningsPage@815b41f]" name="runScenario" class="io.cucumber.testng.AbstractTestNGCucumberTests"/>
      </group> <!-- cucumber -->
    </groups>
    <test started-at="2022-07-07T18:11:05 IST" name="Default test" finished-at="2022-07-07T18:14:28 IST" duration-ms="202762">
      <class name="com.tscout.testcases.TC004_JobOpeningsPage">
        <test-method is-config="true" signature="startReport()[pri:0, instance:com.tscout.testcases.TC004_JobOpeningsPage@815b41f]" started-at="2022-07-07T18:11:05 IST" name="startReport" finished-at="2022-07-07T18:11:05 IST" duration-ms="183" status="PASS">
          <reporter-output>
          </reporter-output>
        </test-method> <!-- startReport -->
        <test-method is-config="true" signature="beforeTest()[pri:0, instance:com.tscout.testcases.TC004_JobOpeningsPage@815b41f]" started-at="2022-07-07T18:11:05 IST" name="beforeTest" finished-at="2022-07-07T18:11:05 IST" duration-ms="5" status="PASS">
          <reporter-output>
          </reporter-output>
        </test-method> <!-- beforeTest -->
        <test-method is-config="true" signature="setValues_JobOpenings()[pri:0, instance:com.tscout.testcases.TC004_JobOpeningsPage@815b41f]" started-at="2022-07-07T18:11:05 IST" name="setValues_JobOpenings" finished-at="2022-07-07T18:11:05 IST" depends-on-methods="com.tscout.testng.api.base.ProjectSpecificMethods.beforeTest" duration-ms="1" status="PASS">
          <reporter-output>
          </reporter-output>
        </test-method> <!-- setValues_JobOpenings -->
        <test-method is-config="true" signature="setUpClass()[pri:0, instance:com.tscout.testcases.TC004_JobOpeningsPage@815b41f]" started-at="2022-07-07T18:11:05 IST" name="setUpClass" finished-at="2022-07-07T18:11:06 IST" duration-ms="217" status="PASS">
          <reporter-output>
          </reporter-output>
        </test-method> <!-- setUpClass -->
        <test-method is-config="true" signature="report()[pri:0, instance:com.tscout.testcases.TC004_JobOpeningsPage@815b41f]" started-at="2022-07-07T18:11:06 IST" name="report" finished-at="2022-07-07T18:11:06 IST" duration-ms="7" status="PASS">
          <reporter-output>
          </reporter-output>
        </test-method> <!-- report -->
        <test-method is-config="true" signature="PreCondition()[pri:0, instance:com.tscout.testcases.TC004_JobOpeningsPage@815b41f]" started-at="2022-07-07T18:11:06 IST" name="PreCondition" finished-at="2022-07-07T18:11:30 IST" duration-ms="23330" status="PASS">
          <reporter-output>
          </reporter-output>
        </test-method> <!-- PreCondition -->
        <test-method signature="Create_JobOpenings(java.lang.String,java.lang.String,java.lang.String,java.lang.String,java.lang.String)[pri:0, instance:com.tscout.testcases.TC004_JobOpeningsPage@815b41f]" started-at="2022-07-07T18:11:30 IST" name="Create_JobOpenings" data-provider="fetchData" finished-at="2022-07-07T18:14:24 IST" duration-ms="174308" status="PASS">
          <params>
            <param index="0">
              <value>
                <![CDATA[kotla@javaji.de]]>
              </value>
            </param>
            <param index="1">
              <value>
                <![CDATA[test123]]>
              </value>
            </param>
            <param index="2">
              <value>
                <![CDATA[Software Test Engineer]]>
              </value>
            </param>
            <param index="3">
              <value>
                <![CDATA[Software Test Engineer Responsible for evaluating software using automated or manual testing methods and analyzing the results]]>
              </value>
            </param>
            <param index="4">
              <value>
                <![CDATA[Api]]>
              </value>
            </param>
          </params>
          <reporter-output>
          </reporter-output>
        </test-method> <!-- Create_JobOpenings -->
        <test-method is-config="true" signature="afterMethod()[pri:0, instance:com.tscout.testcases.TC004_JobOpeningsPage@815b41f]" started-at="2022-07-07T18:14:24 IST" name="afterMethod" finished-at="2022-07-07T18:14:28 IST" duration-ms="4146" status="PASS">
          <reporter-output>
          </reporter-output>
        </test-method> <!-- afterMethod -->
        <test-method is-config="true" signature="tearDownClass()[pri:0, instance:com.tscout.testcases.TC004_JobOpeningsPage@815b41f]" started-at="2022-07-07T18:14:28 IST" name="tearDownClass" finished-at="2022-07-07T18:14:28 IST" duration-ms="11" status="PASS">
          <reporter-output>
          </reporter-output>
        </test-method> <!-- tearDownClass -->
        <test-method is-config="true" signature="stopReport()[pri:0, instance:com.tscout.testcases.TC004_JobOpeningsPage@815b41f]" started-at="2022-07-07T18:14:28 IST" name="stopReport" finished-at="2022-07-07T18:14:28 IST" duration-ms="291" status="PASS">
          <reporter-output>
          </reporter-output>
        </test-method> <!-- stopReport -->
      </class> <!-- com.tscout.testcases.TC004_JobOpeningsPage -->
    </test> <!-- Default test -->
  </suite> <!-- Default suite -->
</testng-results>
