<?xml version="1.0" encoding="UTF-8"?>
<!-- Generated by org.testng.reporters.JUnitReportReporter -->
<testsuite skipped="0" hostname="DESKTOP-QAIB74P" name="com.tscout.testcases.TscoutCucumberRunner" tests="2" failures="0" timestamp="2022-02-09T13:23:12 IST" time="248.034" errors="1">
  <testcase name="runScenario" time="56.922" classname="com.tscout.testcases.TscoutCucumberRunner"/>
  <system-out/>
  <testcase name="runScenario" time="191.112" classname="com.tscout.testcases.TscoutCucumberRunner">
    <error type="java.lang.RuntimeException">
      <![CDATA[java.lang.RuntimeException
at com.tscout.selenium.api.base.SeleniumBase.setExplicitWaitClickByXpathusingJS(SeleniumBase.java:94)
at com.tscout.pages.Task.click_the_calender_icon_and_select_date_from_due_date(Task.java:95)
at ✽.Click the calender icon and select date from due date(file:///F:/ti_scout/Autoamtion/tscout_cucumberframework/src/main/java/features/tscout/Task.feature:24)
]]>
    </error>
  </testcase> <!-- runScenario -->
  <system-out/>
</testsuite> <!-- com.tscout.testcases.TscoutCucumberRunner -->
